ZNTSpeaker/build/outputs/logs/manifest-merger-release-report.txt
-- Merging decision tree log ---
manifest
ADDED from ZNTSpeaker\ZNTSpeaker\AndroidManifest.xml:1:1-137:12
INJECTED from ZNTSpeaker\ZNTSpeaker\AndroidManifest.xml:1:1-137:12
INJECTED from ZNTSpeaker\ZNTSpeaker\AndroidManifest.xml:1:1-137:12
MERGED from [:ZNTPushModel] AndroidManifest.xml:2:1-34:12
MERGED from [:WificonnectorSample] AndroidManifest.xml:7:1-16:12
MERGED from [com.youth.banner:banner:1.4.10] AndroidManifest.xml:2:1-11:12
MERGED from [:placeholder] AndroidManifest.xml:2:1-8:12
MERGED from [com.android.support:design:27.1.1] AndroidManifest.xml:17:1-22:12
MERGED from [com.android.support:appcompat-v7:27.1.1] AndroidManifest.xml:17:1-22:12
MERGED from [com.android.support:cardview-v7:27.1.1] AndroidManifest.xml:17:1-22:12
MERGED from [com.android.support:animated-vector-drawable:27.1.1] AndroidManifest.xml:17:1-22:12
MERGED from [com.android.support:support-vector-drawable:27.1.1] AndroidManifest.xml:17:1-22:12
MERGED from [com.github.mjdev:libaums:0.5.5] AndroidManifest.xml:19:1-28:12
MERGED from [:ZNTDownLoadModel] AndroidManifest.xml:2:1-44:12
MERGED from [:WifiSpeakerInfor] AndroidManifest.xml:2:1-10:12
MERGED from [com.android.support:support-v4:27.1.1] AndroidManifest.xml:17:1-22:12
MERGED from [:WificonnectorLib] AndroidManifest.xml:2:1-11:12
MERGED from [com.android.support:support-fragment:27.1.1] AndroidManifest.xml:17:1-22:12
MERGED from [com.android.support:recyclerview-v7:27.1.1] AndroidManifest.xml:17:1-22:12
MERGED from [com.android.support:support-core-ui:27.1.1] AndroidManifest.xml:17:1-22:12
MERGED from [com.android.support:support-core-utils:27.1.1] AndroidManifest.xml:17:1-22:12
MERGED from [com.android.support:transition:27.1.1] AndroidManifest.xml:17:1-22:12
MERGED from [com.android.support:support-media-compat:27.1.1] AndroidManifest.xml:17:1-22:12
MERGED from [com.android.support:support-compat:27.1.1] AndroidManifest.xml:17:1-22:12
MERGED from [:PersistentCookieJar] AndroidManifest.xml:2:1-7:12
MERGED from [:HttpLibrary] AndroidManifest.xml:2:1-5:12
MERGED from [android.arch.lifecycle:livedata-core:1.1.0] AndroidManifest.xml:17:1-22:12
MERGED from [android.arch.lifecycle:viewmodel:1.1.0] AndroidManifest.xml:17:1-22:12
MERGED from [android.arch.lifecycle:runtime:1.1.0] AndroidManifest.xml:17:1-22:12
MERGED from [android.arch.core:runtime:1.1.0] AndroidManifest.xml:17:1-22:12
INJECTED from ZNTSpeaker\ZNTSpeaker\AndroidManifest.xml:1:1-137:12
INJECTED from ZNTSpeaker\ZNTSpeaker\AndroidManifest.xml:1:1-137:12
	package
		ADDED from ZNTSpeaker\ZNTSpeaker\AndroidManifest.xml:2:5-30
	android:versionName
		ADDED from ZNTSpeaker\ZNTSpeaker\AndroidManifest.xml:4:5-32
		INJECTED from ZNTSpeaker\ZNTSpeaker\AndroidManifest.xml
		INJECTED from ZNTSpeaker\ZNTSpeaker\AndroidManifest.xml
	xmlns:android
		ADDED from ZNTSpeaker\ZNTSpeaker\AndroidManifest.xml:1:11-69
	android:versionCode
		ADDED from ZNTSpeaker\ZNTSpeaker\AndroidManifest.xml:3:5-30
		INJECTED from ZNTSpeaker\ZNTSpeaker\AndroidManifest.xml
		INJECTED from ZNTSpeaker\ZNTSpeaker\AndroidManifest.xml
	android:installLocation
		ADDED from ZNTSpeaker\ZNTSpeaker\AndroidManifest.xml:5:5-45
uses-sdk
ADDED from ZNTSpeaker\ZNTSpeaker\AndroidManifest.xml:8:5-10:41
MERGED from [:ZNTPushModel] AndroidManifest.xml:7:5-9:41
MERGED from [:ZNTPushModel] AndroidManifest.xml:7:5-9:41
MERGED from [com.youth.banner:banner:1.4.10] AndroidManifest.xml:7:5-9:41
MERGED from [com.youth.banner:banner:1.4.10] AndroidManifest.xml:7:5-9:41
MERGED from [com.android.support:design:27.1.1] AndroidManifest.xml:20:5-44
MERGED from [com.android.support:design:27.1.1] AndroidManifest.xml:20:5-44
MERGED from [com.android.support:appcompat-v7:27.1.1] AndroidManifest.xml:20:5-44
MERGED from [com.android.support:appcompat-v7:27.1.1] AndroidManifest.xml:20:5-44
MERGED from [com.android.support:cardview-v7:27.1.1] AndroidManifest.xml:20:5-44
MERGED from [com.android.support:cardview-v7:27.1.1] AndroidManifest.xml:20:5-44
MERGED from [com.android.support:animated-vector-drawable:27.1.1] AndroidManifest.xml:20:5-44
MERGED from [com.android.support:animated-vector-drawable:27.1.1] AndroidManifest.xml:20:5-44
MERGED from [com.android.support:support-vector-drawable:27.1.1] AndroidManifest.xml:20:5-44
MERGED from [com.android.support:support-vector-drawable:27.1.1] AndroidManifest.xml:20:5-44
MERGED from [com.github.mjdev:libaums:0.5.5] AndroidManifest.xml:24:5-26:41
MERGED from [com.github.mjdev:libaums:0.5.5] AndroidManifest.xml:24:5-26:41
MERGED from [:ZNTDownLoadModel] AndroidManifest.xml:7:5-9:41
MERGED from [:ZNTDownLoadModel] AndroidManifest.xml:7:5-9:41
MERGED from [com.android.support:support-v4:27.1.1] AndroidManifest.xml:20:5-44
MERGED from [com.android.support:support-v4:27.1.1] AndroidManifest.xml:20:5-44
MERGED from [com.android.support:support-fragment:27.1.1] AndroidManifest.xml:20:5-44
MERGED from [com.android.support:support-fragment:27.1.1] AndroidManifest.xml:20:5-44
MERGED from [com.android.support:recyclerview-v7:27.1.1] AndroidManifest.xml:20:5-44
MERGED from [com.android.support:recyclerview-v7:27.1.1] AndroidManifest.xml:20:5-44
MERGED from [com.android.support:support-core-ui:27.1.1] AndroidManifest.xml:20:5-44
MERGED from [com.android.support:support-core-ui:27.1.1] AndroidManifest.xml:20:5-44
MERGED from [com.android.support:support-core-utils:27.1.1] AndroidManifest.xml:20:5-44
MERGED from [com.android.support:support-core-utils:27.1.1] AndroidManifest.xml:20:5-44
MERGED from [com.android.support:transition:27.1.1] AndroidManifest.xml:20:5-44
MERGED from [com.android.support:transition:27.1.1] AndroidManifest.xml:20:5-44
MERGED from [com.android.support:support-media-compat:27.1.1] AndroidManifest.xml:20:5-44
MERGED from [com.android.support:support-media-compat:27.1.1] AndroidManifest.xml:20:5-44
MERGED from [com.android.support:support-compat:27.1.1] AndroidManifest.xml:20:5-44
MERGED from [com.android.support:support-compat:27.1.1] AndroidManifest.xml:20:5-44
MERGED from [android.arch.lifecycle:livedata-core:1.1.0] AndroidManifest.xml:20:5-44
MERGED from [android.arch.lifecycle:livedata-core:1.1.0] AndroidManifest.xml:20:5-44
MERGED from [android.arch.lifecycle:viewmodel:1.1.0] AndroidManifest.xml:20:5-44
MERGED from [android.arch.lifecycle:viewmodel:1.1.0] AndroidManifest.xml:20:5-44
MERGED from [android.arch.lifecycle:runtime:1.1.0] AndroidManifest.xml:20:5-44
MERGED from [android.arch.lifecycle:runtime:1.1.0] AndroidManifest.xml:20:5-44
MERGED from [android.arch.core:runtime:1.1.0] AndroidManifest.xml:20:5-44
MERGED from [android.arch.core:runtime:1.1.0] AndroidManifest.xml:20:5-44
	android:targetSdkVersion
		ADDED from ZNTSpeaker\ZNTSpeaker\AndroidManifest.xml:10:9-38
	android:minSdkVersion
		ADDED from ZNTSpeaker\ZNTSpeaker\AndroidManifest.xml:9:9-35
uses-permission#android.permission.MOUNT_UNMOUNT_FILESYSTEMS
ADDED from ZNTSpeaker\ZNTSpeaker\AndroidManifest.xml:12:5-83
MERGED from [:ZNTDownLoadModel] AndroidManifest.xml:11:5-84
MERGED from [:ZNTDownLoadModel] AndroidManifest.xml:11:5-84
	android:name
		ADDED from ZNTSpeaker\ZNTSpeaker\AndroidManifest.xml:12:22-81
uses-permission#android.permission.READ_EXTERNAL_STORAGE
ADDED from ZNTSpeaker\ZNTSpeaker\AndroidManifest.xml:13:5-80
MERGED from [:ZNTDownLoadModel] AndroidManifest.xml:12:5-80
MERGED from [:ZNTDownLoadModel] AndroidManifest.xml:12:5-80
	android:name
		ADDED from ZNTSpeaker\ZNTSpeaker\AndroidManifest.xml:13:22-77
uses-permission#android.permission.WRITE_EXTERNAL_STORAGE
ADDED from ZNTSpeaker\ZNTSpeaker\AndroidManifest.xml:14:5-80
MERGED from [:ZNTPushModel] AndroidManifest.xml:11:5-81
MERGED from [:ZNTPushModel] AndroidManifest.xml:11:5-81
MERGED from [:ZNTDownLoadModel] AndroidManifest.xml:13:5-81
MERGED from [:ZNTDownLoadModel] AndroidManifest.xml:13:5-81
	android:name
		ADDED from ZNTSpeaker\ZNTSpeaker\AndroidManifest.xml:14:22-78
uses-permission#android.hardware.usb.host
ADDED from ZNTSpeaker\ZNTSpeaker\AndroidManifest.xml:15:5-17:28
MERGED from [:ZNTDownLoadModel] AndroidManifest.xml:14:5-16:36
MERGED from [:ZNTDownLoadModel] AndroidManifest.xml:14:5-16:36
	android:required
		ADDED from ZNTSpeaker\ZNTSpeaker\AndroidManifest.xml:17:2-26
	android:name
		ADDED from ZNTSpeaker\ZNTSpeaker\AndroidManifest.xml:16:2-42
uses-feature#android.hardware.usb.host
ADDED from ZNTSpeaker\ZNTSpeaker\AndroidManifest.xml:18:2-20:28
MERGED from [:ZNTDownLoadModel] AndroidManifest.xml:18:5-20:35
MERGED from [:ZNTDownLoadModel] AndroidManifest.xml:18:5-20:35
	android:required
		ADDED from ZNTSpeaker\ZNTSpeaker\AndroidManifest.xml:20:2-25
	android:name
		ADDED from ZNTSpeaker\ZNTSpeaker\AndroidManifest.xml:19:2-42
uses-permission#android.permission.INTERNET
ADDED from ZNTSpeaker\ZNTSpeaker\AndroidManifest.xml:23:2-63
MERGED from [:ZNTPushModel] AndroidManifest.xml:12:5-67
MERGED from [:ZNTPushModel] AndroidManifest.xml:12:5-67
MERGED from [:ZNTDownLoadModel] AndroidManifest.xml:22:5-67
MERGED from [:ZNTDownLoadModel] AndroidManifest.xml:22:5-67
	android:name
		ADDED from ZNTSpeaker\ZNTSpeaker\AndroidManifest.xml:23:19-61
uses-permission#android.permission.ACCESS_NETWORK_STATE
ADDED from ZNTSpeaker\ZNTSpeaker\AndroidManifest.xml:24:2-75
MERGED from [:ZNTPushModel] AndroidManifest.xml:13:5-79
MERGED from [:ZNTPushModel] AndroidManifest.xml:13:5-79
MERGED from [:WificonnectorSample] AndroidManifest.xml:11:5-79
MERGED from [:WificonnectorSample] AndroidManifest.xml:11:5-79
MERGED from [:ZNTDownLoadModel] AndroidManifest.xml:23:5-79
MERGED from [:ZNTDownLoadModel] AndroidManifest.xml:23:5-79
MERGED from [:WifiSpeakerInfor] AndroidManifest.xml:7:5-79
MERGED from [:WifiSpeakerInfor] AndroidManifest.xml:7:5-79
MERGED from [:WificonnectorLib] AndroidManifest.xml:5:5-79
MERGED from [:WificonnectorLib] AndroidManifest.xml:5:5-79
	android:name
		ADDED from ZNTSpeaker\ZNTSpeaker\AndroidManifest.xml:24:19-73
uses-permission#android.permission.ACCESS_WIFI_STATE
ADDED from ZNTSpeaker\ZNTSpeaker\AndroidManifest.xml:25:2-73
MERGED from [:ZNTPushModel] AndroidManifest.xml:14:5-76
MERGED from [:ZNTPushModel] AndroidManifest.xml:14:5-76
MERGED from [:WificonnectorSample] AndroidManifest.xml:10:5-76
MERGED from [:WificonnectorSample] AndroidManifest.xml:10:5-76
MERGED from [:ZNTDownLoadModel] AndroidManifest.xml:24:5-76
MERGED from [:ZNTDownLoadModel] AndroidManifest.xml:24:5-76
MERGED from [:WifiSpeakerInfor] AndroidManifest.xml:8:5-76
MERGED from [:WifiSpeakerInfor] AndroidManifest.xml:8:5-76
MERGED from [:WificonnectorLib] AndroidManifest.xml:6:5-76
MERGED from [:WificonnectorLib] AndroidManifest.xml:6:5-76
	android:name
		ADDED from ZNTSpeaker\ZNTSpeaker\AndroidManifest.xml:25:19-70
uses-permission#android.permission.CHANGE_WIFI_MULTICAST_STATE
ADDED from ZNTSpeaker\ZNTSpeaker\AndroidManifest.xml:26:2-82
MERGED from [:ZNTPushModel] AndroidManifest.xml:15:5-86
MERGED from [:ZNTPushModel] AndroidManifest.xml:15:5-86
MERGED from [:ZNTDownLoadModel] AndroidManifest.xml:25:5-86
MERGED from [:ZNTDownLoadModel] AndroidManifest.xml:25:5-86
	android:name
		ADDED from ZNTSpeaker\ZNTSpeaker\AndroidManifest.xml:26:19-80
uses-permission#android.permission.CHANGE_WIFI_STATE
ADDED from ZNTSpeaker\ZNTSpeaker\AndroidManifest.xml:27:2-72
MERGED from [:ZNTPushModel] AndroidManifest.xml:16:5-76
MERGED from [:ZNTPushModel] AndroidManifest.xml:16:5-76
MERGED from [:WificonnectorSample] AndroidManifest.xml:14:5-76
MERGED from [:WificonnectorSample] AndroidManifest.xml:14:5-76
MERGED from [:ZNTDownLoadModel] AndroidManifest.xml:26:5-76
MERGED from [:ZNTDownLoadModel] AndroidManifest.xml:26:5-76
MERGED from [:WificonnectorLib] AndroidManifest.xml:7:5-76
MERGED from [:WificonnectorLib] AndroidManifest.xml:7:5-76
	android:name
		ADDED from ZNTSpeaker\ZNTSpeaker\AndroidManifest.xml:27:19-70
uses-permission#android.permission.CHANGE_NETWORK_STATE
ADDED from ZNTSpeaker\ZNTSpeaker\AndroidManifest.xml:28:2-75
MERGED from [:ZNTPushModel] AndroidManifest.xml:17:5-79
MERGED from [:ZNTPushModel] AndroidManifest.xml:17:5-79
MERGED from [:ZNTDownLoadModel] AndroidManifest.xml:27:5-79
MERGED from [:ZNTDownLoadModel] AndroidManifest.xml:27:5-79
	android:name
		ADDED from ZNTSpeaker\ZNTSpeaker\AndroidManifest.xml:28:19-73
uses-permission#android.permission.RECORD_AUDIO
ADDED from ZNTSpeaker\ZNTSpeaker\AndroidManifest.xml:29:2-67
MERGED from [:ZNTPushModel] AndroidManifest.xml:18:5-71
MERGED from [:ZNTPushModel] AndroidManifest.xml:18:5-71
MERGED from [:ZNTDownLoadModel] AndroidManifest.xml:28:5-71
MERGED from [:ZNTDownLoadModel] AndroidManifest.xml:28:5-71
	android:name
		ADDED from ZNTSpeaker\ZNTSpeaker\AndroidManifest.xml:29:19-65
uses-permission#android.permission.MODIFY_AUDIO_SETTINGS
ADDED from ZNTSpeaker\ZNTSpeaker\AndroidManifest.xml:30:2-76
MERGED from [:ZNTPushModel] AndroidManifest.xml:19:5-80
MERGED from [:ZNTPushModel] AndroidManifest.xml:19:5-80
MERGED from [:ZNTDownLoadModel] AndroidManifest.xml:29:5-80
MERGED from [:ZNTDownLoadModel] AndroidManifest.xml:29:5-80
	android:name
		ADDED from ZNTSpeaker\ZNTSpeaker\AndroidManifest.xml:30:19-74
uses-permission#android.permission.SET_TIME_ZONE
ADDED from ZNTSpeaker\ZNTSpeaker\AndroidManifest.xml:32:2-69
MERGED from [:ZNTPushModel] AndroidManifest.xml:20:5-72
MERGED from [:ZNTPushModel] AndroidManifest.xml:20:5-72
MERGED from [:ZNTDownLoadModel] AndroidManifest.xml:30:5-72
MERGED from [:ZNTDownLoadModel] AndroidManifest.xml:30:5-72
	android:name
		ADDED from ZNTSpeaker\ZNTSpeaker\AndroidManifest.xml:32:19-66
uses-permission#android.permission.READ_PHONE_STATE
ADDED from ZNTSpeaker\ZNTSpeaker\AndroidManifest.xml:34:5-75
MERGED from [:ZNTPushModel] AndroidManifest.xml:21:5-75
MERGED from [:ZNTPushModel] AndroidManifest.xml:21:5-75
MERGED from [:ZNTDownLoadModel] AndroidManifest.xml:31:5-75
MERGED from [:ZNTDownLoadModel] AndroidManifest.xml:31:5-75
	android:name
		ADDED from ZNTSpeaker\ZNTSpeaker\AndroidManifest.xml:34:22-72
uses-permission#android.permission.INTERACT_ACROSS_USERS
ADDED from ZNTSpeaker\ZNTSpeaker\AndroidManifest.xml:35:5-79
MERGED from [:ZNTPushModel] AndroidManifest.xml:22:5-80
MERGED from [:ZNTPushModel] AndroidManifest.xml:22:5-80
MERGED from [:ZNTDownLoadModel] AndroidManifest.xml:32:5-80
MERGED from [:ZNTDownLoadModel] AndroidManifest.xml:32:5-80
	android:name
		ADDED from ZNTSpeaker\ZNTSpeaker\AndroidManifest.xml:35:22-77
uses-permission#android.permission.INTERACT_ACROSS_USERS_FULL
ADDED from ZNTSpeaker\ZNTSpeaker\AndroidManifest.xml:36:2-81
MERGED from [:ZNTPushModel] AndroidManifest.xml:23:5-85
MERGED from [:ZNTPushModel] AndroidManifest.xml:23:5-85
MERGED from [:ZNTDownLoadModel] AndroidManifest.xml:33:5-85
MERGED from [:ZNTDownLoadModel] AndroidManifest.xml:33:5-85
	android:name
		ADDED from ZNTSpeaker\ZNTSpeaker\AndroidManifest.xml:36:19-79
uses-permission#android.permission.WAKE_LOCK
ADDED from ZNTSpeaker\ZNTSpeaker\AndroidManifest.xml:37:2-64
MERGED from [:ZNTPushModel] AndroidManifest.xml:24:5-68
MERGED from [:ZNTPushModel] AndroidManifest.xml:24:5-68
MERGED from [:ZNTDownLoadModel] AndroidManifest.xml:34:5-68
MERGED from [:ZNTDownLoadModel] AndroidManifest.xml:34:5-68
	android:name
		ADDED from ZNTSpeaker\ZNTSpeaker\AndroidManifest.xml:37:19-62
uses-permission#android.permission.WRITE_SETTINGS
ADDED from ZNTSpeaker\ZNTSpeaker\AndroidManifest.xml:38:2-69
MERGED from [:ZNTPushModel] AndroidManifest.xml:25:5-73
MERGED from [:ZNTPushModel] AndroidManifest.xml:25:5-73
MERGED from [:ZNTDownLoadModel] AndroidManifest.xml:35:5-73
MERGED from [:ZNTDownLoadModel] AndroidManifest.xml:35:5-73
	android:name
		ADDED from ZNTSpeaker\ZNTSpeaker\AndroidManifest.xml:38:19-67
uses-permission#android.permission.ACCESS_COARSE_LOCATION
ADDED from ZNTSpeaker\ZNTSpeaker\AndroidManifest.xml:41:2-78
MERGED from [:ZNTPushModel] AndroidManifest.xml:28:5-81
MERGED from [:ZNTPushModel] AndroidManifest.xml:28:5-81
MERGED from [:WificonnectorSample] AndroidManifest.xml:12:5-81
MERGED from [:WificonnectorSample] AndroidManifest.xml:12:5-81
MERGED from [:ZNTDownLoadModel] AndroidManifest.xml:38:5-81
MERGED from [:ZNTDownLoadModel] AndroidManifest.xml:38:5-81
MERGED from [:WificonnectorLib] AndroidManifest.xml:9:5-81
MERGED from [:WificonnectorLib] AndroidManifest.xml:9:5-81
	android:name
		ADDED from ZNTSpeaker\ZNTSpeaker\AndroidManifest.xml:41:19-75
uses-permission#android.permission.ACCESS_FINE_LOCATION
ADDED from ZNTSpeaker\ZNTSpeaker\AndroidManifest.xml:42:5-79
MERGED from [:ZNTPushModel] AndroidManifest.xml:29:5-79
MERGED from [:ZNTPushModel] AndroidManifest.xml:29:5-79
MERGED from [:WificonnectorSample] AndroidManifest.xml:13:5-79
MERGED from [:WificonnectorSample] AndroidManifest.xml:13:5-79
MERGED from [:ZNTDownLoadModel] AndroidManifest.xml:39:5-79
MERGED from [:ZNTDownLoadModel] AndroidManifest.xml:39:5-79
MERGED from [:WificonnectorLib] AndroidManifest.xml:8:5-79
MERGED from [:WificonnectorLib] AndroidManifest.xml:8:5-79
	android:name
		ADDED from ZNTSpeaker\ZNTSpeaker\AndroidManifest.xml:42:22-76
uses-permission#android.permission.READ_LOGS
ADDED from ZNTSpeaker\ZNTSpeaker\AndroidManifest.xml:43:5-68
MERGED from [:ZNTPushModel] AndroidManifest.xml:30:5-68
MERGED from [:ZNTPushModel] AndroidManifest.xml:30:5-68
MERGED from [:ZNTDownLoadModel] AndroidManifest.xml:40:5-68
MERGED from [:ZNTDownLoadModel] AndroidManifest.xml:40:5-68
	android:name
		ADDED from ZNTSpeaker\ZNTSpeaker\AndroidManifest.xml:43:22-65
uses-permission#android.permission.RECEIVE_BOOT_COMPLETED
ADDED from ZNTSpeaker\ZNTSpeaker\AndroidManifest.xml:44:5-81
MERGED from [:ZNTPushModel] AndroidManifest.xml:31:5-81
MERGED from [:ZNTPushModel] AndroidManifest.xml:31:5-81
MERGED from [:ZNTDownLoadModel] AndroidManifest.xml:41:5-81
MERGED from [:ZNTDownLoadModel] AndroidManifest.xml:41:5-81
	android:name
		ADDED from ZNTSpeaker\ZNTSpeaker\AndroidManifest.xml:44:22-78
uses-permission#android.permission.FOCE_STOP_PACKAGES
ADDED from ZNTSpeaker\ZNTSpeaker\AndroidManifest.xml:45:2-74
MERGED from [:ZNTPushModel] AndroidManifest.xml:32:5-77
MERGED from [:ZNTPushModel] AndroidManifest.xml:32:5-77
MERGED from [:ZNTDownLoadModel] AndroidManifest.xml:42:5-77
MERGED from [:ZNTDownLoadModel] AndroidManifest.xml:42:5-77
	android:name
		ADDED from ZNTSpeaker\ZNTSpeaker\AndroidManifest.xml:45:19-71
application
ADDED from ZNTSpeaker\ZNTSpeaker\AndroidManifest.xml:46:5-135:19
MERGED from [:placeholder] AndroidManifest.xml:5:5-6:19
MERGED from [:placeholder] AndroidManifest.xml:5:5-6:19
MERGED from [:PersistentCookieJar] AndroidManifest.xml:5:5-20
MERGED from [:PersistentCookieJar] AndroidManifest.xml:5:5-20
	android:label
		ADDED from ZNTSpeaker\ZNTSpeaker\AndroidManifest.xml:49:9-41
	android:hardwareAccelerated
		ADDED from ZNTSpeaker\ZNTSpeaker\AndroidManifest.xml:53:9-43
	android:persistent
		ADDED from ZNTSpeaker\ZNTSpeaker\AndroidManifest.xml:52:9-34
	android:largeHeap
		ADDED from ZNTSpeaker\ZNTSpeaker\AndroidManifest.xml:54:9-33
	android:icon
		ADDED from ZNTSpeaker\ZNTSpeaker\AndroidManifest.xml:48:9-38
	android:allowBackup
		ADDED from ZNTSpeaker\ZNTSpeaker\AndroidManifest.xml:51:9-35
	android:theme
		ADDED from ZNTSpeaker\ZNTSpeaker\AndroidManifest.xml:50:9-40
	android:name
		ADDED from ZNTSpeaker\ZNTSpeaker\AndroidManifest.xml:47:9-61
meta-data#com.amap.api.v2.apikey
ADDED from ZNTSpeaker\ZNTSpeaker\AndroidManifest.xml:56:9-58:64
	android:value
		ADDED from ZNTSpeaker\ZNTSpeaker\AndroidManifest.xml:58:13-61
	android:name
		ADDED from ZNTSpeaker\ZNTSpeaker\AndroidManifest.xml:57:13-50
activity#com.znt.speaker.activity.MainActivity
ADDED from ZNTSpeaker\ZNTSpeaker\AndroidManifest.xml:59:9-70:20
	android:label
		ADDED from ZNTSpeaker\ZNTSpeaker\AndroidManifest.xml:61:13-45
	android:launchMode
		ADDED from ZNTSpeaker\ZNTSpeaker\AndroidManifest.xml:62:13-43
	android:configChanges
		ADDED from ZNTSpeaker\ZNTSpeaker\AndroidManifest.xml:64:13-74
	android:theme
		ADDED from ZNTSpeaker\ZNTSpeaker\AndroidManifest.xml:63:13-48
	android:name
		ADDED from ZNTSpeaker\ZNTSpeaker\AndroidManifest.xml:60:13-65
intent-filter#action:name:android.intent.action.MAIN+category:name:android.intent.category.LAUNCHER
ADDED from ZNTSpeaker\ZNTSpeaker\AndroidManifest.xml:66:13-69:29
action#android.intent.action.MAIN
ADDED from ZNTSpeaker\ZNTSpeaker\AndroidManifest.xml:67:17-69
	android:name
		ADDED from ZNTSpeaker\ZNTSpeaker\AndroidManifest.xml:67:25-66
category#android.intent.category.LAUNCHER
ADDED from ZNTSpeaker\ZNTSpeaker\AndroidManifest.xml:68:17-77
	android:name
		ADDED from ZNTSpeaker\ZNTSpeaker\AndroidManifest.xml:68:27-74
receiver#com.znt.speaker.receiver.BootCompleteReceiver
ADDED from ZNTSpeaker\ZNTSpeaker\AndroidManifest.xml:72:9-83:20
	android:name
		ADDED from ZNTSpeaker\ZNTSpeaker\AndroidManifest.xml:72:19-79
intent-filter#action:name:android.intent.action.BOOT_COMPLETED+category:name:android.intent.category.LAUNCHER
ADDED from ZNTSpeaker\ZNTSpeaker\AndroidManifest.xml:73:13-76:29
action#android.intent.action.BOOT_COMPLETED
ADDED from ZNTSpeaker\ZNTSpeaker\AndroidManifest.xml:74:17-79
	android:name
		ADDED from ZNTSpeaker\ZNTSpeaker\AndroidManifest.xml:74:25-76
intent-filter#action:name:android.intent.action.PACKAGE_ADDED+action:name:android.intent.action.PACKAGE_REMOVED+action:name:android.intent.action.PACKAGE_REPLACED+data:scheme:package
ADDED from ZNTSpeaker\ZNTSpeaker\AndroidManifest.xml:77:13-82:26
	android:priority
		ADDED from ZNTSpeaker\ZNTSpeaker\AndroidManifest.xml:77:28-52
action#android.intent.action.PACKAGE_ADDED
ADDED from ZNTSpeaker\ZNTSpeaker\AndroidManifest.xml:78:14-75
	android:name
		ADDED from ZNTSpeaker\ZNTSpeaker\AndroidManifest.xml:78:22-72
action#android.intent.action.PACKAGE_REPLACED
ADDED from ZNTSpeaker\ZNTSpeaker\AndroidManifest.xml:79:17-81
	android:name
		ADDED from ZNTSpeaker\ZNTSpeaker\AndroidManifest.xml:79:25-78
action#android.intent.action.PACKAGE_REMOVED
ADDED from ZNTSpeaker\ZNTSpeaker\AndroidManifest.xml:80:17-80
	android:name
		ADDED from ZNTSpeaker\ZNTSpeaker\AndroidManifest.xml:80:25-77
data
ADDED from ZNTSpeaker\ZNTSpeaker\AndroidManifest.xml:81:17-50
	android:scheme
		ADDED from ZNTSpeaker\ZNTSpeaker\AndroidManifest.xml:81:23-47
service#com.jflavio1.wificonnectorsample.ZNTWifiService
ADDED from ZNTSpeaker\ZNTSpeaker\AndroidManifest.xml:101:9-106:49
	android:process
		ADDED from ZNTSpeaker\ZNTSpeaker\AndroidManifest.xml:106:13-46
	android:enabled
		ADDED from ZNTSpeaker\ZNTSpeaker\AndroidManifest.xml:103:13-35
	android:exported
		ADDED from ZNTSpeaker\ZNTSpeaker\AndroidManifest.xml:104:13-36
	android:permission
		ADDED from ZNTSpeaker\ZNTSpeaker\AndroidManifest.xml:105:13-38
	android:name
		ADDED from ZNTSpeaker\ZNTSpeaker\AndroidManifest.xml:102:13-75
service#com.znt.push.ZNTPushService
ADDED from ZNTSpeaker\ZNTSpeaker\AndroidManifest.xml:109:9-114:49
	android:process
		ADDED from ZNTSpeaker\ZNTSpeaker\AndroidManifest.xml:114:13-46
	android:enabled
		ADDED from ZNTSpeaker\ZNTSpeaker\AndroidManifest.xml:111:13-35
	android:exported
		ADDED from ZNTSpeaker\ZNTSpeaker\AndroidManifest.xml:112:13-36
	android:permission
		ADDED from ZNTSpeaker\ZNTSpeaker\AndroidManifest.xml:113:13-38
	android:name
		ADDED from ZNTSpeaker\ZNTSpeaker\AndroidManifest.xml:110:13-55
service#com.znt.download.ZNTDownloadService
ADDED from ZNTSpeaker\ZNTSpeaker\AndroidManifest.xml:116:9-121:53
	android:process
		ADDED from ZNTSpeaker\ZNTSpeaker\AndroidManifest.xml:121:13-50
	android:enabled
		ADDED from ZNTSpeaker\ZNTSpeaker\AndroidManifest.xml:118:13-35
	android:exported
		ADDED from ZNTSpeaker\ZNTSpeaker\AndroidManifest.xml:119:13-36
	android:permission
		ADDED from ZNTSpeaker\ZNTSpeaker\AndroidManifest.xml:120:13-38
	android:name
		ADDED from ZNTSpeaker\ZNTSpeaker\AndroidManifest.xml:117:13-63
provider#android.support.v4.content.FileProvider
ADDED from ZNTSpeaker\ZNTSpeaker\AndroidManifest.xml:124:9-132:20
	android:grantUriPermissions
		ADDED from ZNTSpeaker\ZNTSpeaker\AndroidManifest.xml:128:13-47
	android:authorities
		ADDED from ZNTSpeaker\ZNTSpeaker\AndroidManifest.xml:126:13-63
	android:exported
		ADDED from ZNTSpeaker\ZNTSpeaker\AndroidManifest.xml:127:13-37
	android:name
		ADDED from ZNTSpeaker\ZNTSpeaker\AndroidManifest.xml:125:13-67
meta-data#android.support.FILE_PROVIDER_PATHS
ADDED from ZNTSpeaker\ZNTSpeaker\AndroidManifest.xml:129:13-131:58
	android:resource
		ADDED from ZNTSpeaker\ZNTSpeaker\AndroidManifest.xml:131:17-55
	android:name
		ADDED from ZNTSpeaker\ZNTSpeaker\AndroidManifest.xml:130:17-67